This is pdfTeX, Version 3.14159265-2.6-1.40.19 (MiKTeX 2.9.6700) (preloaded format=pdflatex 2018.6.2)  8 OCT 2018 19:26
entering extended mode
**./ridgepaperALEPH.tex
(ridgepaperALEPH.tex
LaTeX2e <2018-04-01> patch level 5
Babel <3.20> and hyphenation patterns for 0 language(s) loaded.

("/Users/anthony/Library/Application Support/MiKTeX/texmfs/install/tex/latex/re
vtex4/revtex4.cls"
Document Class: revtex4 2001/08/03 v4.0 (http://publish.aps.org/revtex4/ for do
cumentation)
 Copyright (c) 2001 The American Physical Society.
 mailto:revtex@aps.org
 Licensed under the LPPL:
http://www.ctan.org/tex-archive/macros/latex/base/lppl.txt
 Arthur Ogawa <ogawa@teleport.com>
 Based on work by David Carlisle <david@dcarlisle.demon.co.uk>.
ltxutil: portions licensed from W. E. Baxter (web@superscript.com)
Class revtex4 Info: Repairing broken LateX \@sect on input line 596.
\intertabularlinepenalty=\count80
\@tbpen=\count81
\@arstrutbox@hline=\box26
Class revtex4 Info: Repairing broken LaTeX \@xbitor on input line 1610.
ltxgrid: portions licensed from W. E. Baxter (web@superscript.com)
\c@linecount=\count82
\output=\toks14
\@protection@box=\box27
\@topmark@saved=\toks15
\footins@saved=\box28
\pagesofar=\box29
\footbox=\box30
\pagegrid@col=\count83
Class revtex4 Info: Incorporating package {textcase}  [1998/11/12 v0.06 Text on
ly upper/lower case changing (DPC)]. on input line 3682.

("/Users/anthony/Library/Application Support/MiKTeX/texmfs/install/tex/latex/ur
l/url.sty"
\Urlmuskip=\muskip10
Package: url 2013/09/16  ver 3.4  Verb mode for urls, etc.
)
\c@affil=\count84
\absbox=\box31
\c@part=\count85
\c@section=\count86
\c@subsection=\count87
\c@subsubsection=\count88
\c@paragraph=\count89
\c@subparagraph=\count90
\abovecaptionskip=\skip41
\belowcaptionskip=\skip42
\c@figure=\count91
\c@table=\count92

("/Users/anthony/Library/Application Support/MiKTeX/texmfs/install/tex/latex/na
tbib/natbib.sty"
Package: natbib 2010/09/13 8.31b (PWD, AO)
\bibhang=\skip43
\bibsep=\skip44
LaTeX Info: Redefining \cite on input line 694.
\c@NAT@ctr=\count93
)
\widetext@top=\box32
\widetext@bot=\box33

("/Users/anthony/Library/Application Support/MiKTeX/texmfs/install/tex/latex/re
vtex4/revsymb.sty"
Package: revsymb 2001/08/03 v4.0 (http://publish.aps.org/revtex4/ for documenta
tion)
LaTeX Info: Redefining \REV@mathfrak on input line 118.
))
("/Users/anthony/Library/Application Support/MiKTeX/texmfs/install/tex/latex/re
vtex4/aps.rtx"
File: aps.rtx 2001/08/03 v4.0 (http://publish.aps.org/revtex4/ for documentatio
n)
)
("/Users/anthony/Library/Application Support/MiKTeX/texmfs/install/tex/latex/re
vtex4/10pt.rtx"
File: 10pt.rtx 2001/08/03 v4.0 (http://publish.aps.org/revtex4/ for documentati
on)
)
("/Users/anthony/Library/Application Support/MiKTeX/texmfs/install/tex/latex/gr
aphics/graphicx.sty"
Package: graphicx 2017/06/01 v1.1a Enhanced LaTeX Graphics (DPC,SPQR)

("/Users/anthony/Library/Application Support/MiKTeX/texmfs/install/tex/latex/gr
aphics/keyval.sty"
Package: keyval 2014/10/28 v1.15 key=value parser (DPC)
\KV@toks@=\toks16
)
("/Users/anthony/Library/Application Support/MiKTeX/texmfs/install/tex/latex/gr
aphics/graphics.sty"
Package: graphics 2017/06/25 v1.2c Standard LaTeX Graphics (DPC,SPQR)

("/Users/anthony/Library/Application Support/MiKTeX/texmfs/install/tex/latex/gr
aphics/trig.sty"
Package: trig 2016/01/03 v1.10 sin cos tan (DPC)
)
("/Users/anthony/Library/Application Support/MiKTeX/texmfs/install/tex/latex/gr
aphics-cfg/graphics.cfg"
File: graphics.cfg 2016/06/04 v1.11 sample graphics configuration
)
Package graphics Info: Driver file: pdftex.def on input line 99.

("/Users/anthony/Library/Application Support/MiKTeX/texmfs/install/tex/latex/gr
aphics-def/pdftex.def"
File: pdftex.def 2018/01/08 v1.0l Graphics/color driver for pdftex
))
\Gin@req@height=\dimen102
\Gin@req@width=\dimen103
)
("/Users/anthony/Library/Application Support/MiKTeX/texmfs/install/tex/latex/to
ols/dcolumn.sty"
Package: dcolumn 2014/10/28 v1.06 decimal alignment package (DPC)

("/Users/anthony/Library/Application Support/MiKTeX/texmfs/install/tex/latex/to
ols/array.sty"
Package: array 2018/04/30 v2.4h Tabular extension package (FMi)
\col@sep=\dimen104
\ar@mcellbox=\box34
\extrarowheight=\dimen105
\NC@list=\toks17
\extratabsurround=\skip45
\backup@length=\skip46
\ar@cellbox=\box35
))
("/Users/anthony/Library/Application Support/MiKTeX/texmfs/install/tex/latex/to
ols/bm.sty"
Package: bm 2017/01/16 v1.2c Bold Symbol Support (DPC/FMi)
\symboldoperators=\mathgroup4
\symboldletters=\mathgroup5
\symboldsymbols=\mathgroup6
LaTeX Font Info:    Redeclaring math alphabet \mathbf on input line 141.
LaTeX Info: Redefining \bm on input line 207.
)
("/Users/anthony/Library/Application Support/MiKTeX/texmfs/install/tex/latex/am
sfonts/amssymb.sty"
Package: amssymb 2013/01/14 v3.01 AMS font symbols

("/Users/anthony/Library/Application Support/MiKTeX/texmfs/install/tex/latex/am
sfonts/amsfonts.sty"
Package: amsfonts 2013/01/14 v3.01 Basic AMSFonts support
\@emptytoks=\toks18
\symAMSa=\mathgroup7
\symAMSb=\mathgroup8
LaTeX Font Info:    Overwriting math alphabet `\mathfrak' in version `bold'
(Font)                  U/euf/m/n --> U/euf/b/n on input line 106.
LaTeX Info: Redefining \frak on input line 111.
LaTeX Info: Redefining \Bbb on input line 113.
)) (ridgepaperALEPH.aux)
\openout1 = `ridgepaperALEPH.aux'.

LaTeX Font Info:    Checking defaults for OML/cmm/m/it on input line 13.
LaTeX Font Info:    ... okay on input line 13.
LaTeX Font Info:    Checking defaults for T1/cmr/m/n on input line 13.
LaTeX Font Info:    ... okay on input line 13.
LaTeX Font Info:    Checking defaults for OT1/cmr/m/n on input line 13.
LaTeX Font Info:    ... okay on input line 13.
LaTeX Font Info:    Checking defaults for OMS/cmsy/m/n on input line 13.
LaTeX Font Info:    ... okay on input line 13.
LaTeX Font Info:    Checking defaults for OMX/cmex/m/n on input line 13.
LaTeX Font Info:    ... okay on input line 13.
LaTeX Font Info:    Checking defaults for U/cmr/m/n on input line 13.
LaTeX Font Info:    ... okay on input line 13.
Class revtex4 Info: Unrecognized array package. Please update this document cla
ss! (Proceeding with fingers crossed.) on input line 13.
Class revtex4 Info: cite was not loaded (OK!) on input line 13.
Class revtex4 Info: multicol was not loaded (OK!) on input line 13.

("/Users/anthony/Library/Application Support/MiKTeX/texmfs/install/tex/context/
base/supp-pdf.mkii"
[Loading MPS to PDF converter (version 2006.09.02).]
\scratchcounter=\count94
\scratchdimen=\dimen106
\scratchbox=\box36
\nofMPsegments=\count95
\nofMParguments=\count96
\everyMPshowfont=\toks19
\MPscratchCnt=\count97
\MPscratchDim=\dimen107
\MPnumerator=\count98
\makeMPintoPDFobject=\count99
\everyMPtoPDFconversion=\toks20
)
("/Users/anthony/Library/Application Support/MiKTeX/texmfs/install/tex/latex/ob
erdiek/epstopdf-base.sty"
Package: epstopdf-base 2016/05/15 v2.6 Base part for package epstopdf

("/Users/anthony/Library/Application Support/MiKTeX/texmfs/install/tex/generic/
oberdiek/infwarerr.sty"
Package: infwarerr 2016/05/16 v1.4 Providing info/warning/error messages (HO)
)
("/Users/anthony/Library/Application Support/MiKTeX/texmfs/install/tex/latex/ob
erdiek/grfext.sty"
Package: grfext 2016/05/16 v1.2 Manage graphics extensions (HO)

("/Users/anthony/Library/Application Support/MiKTeX/texmfs/install/tex/generic/
oberdiek/kvdefinekeys.sty"
Package: kvdefinekeys 2016/05/16 v1.4 Define keys (HO)

("/Users/anthony/Library/Application Support/MiKTeX/texmfs/install/tex/generic/
oberdiek/ltxcmds.sty"
Package: ltxcmds 2016/05/16 v1.23 LaTeX kernel commands for general use (HO)
)))
("/Users/anthony/Library/Application Support/MiKTeX/texmfs/install/tex/latex/ob
erdiek/kvoptions.sty"
Package: kvoptions 2016/05/16 v3.12 Key value format for package options (HO)

("/Users/anthony/Library/Application Support/MiKTeX/texmfs/install/tex/generic/
oberdiek/kvsetkeys.sty"
Package: kvsetkeys 2016/05/16 v1.17 Key value parser (HO)

("/Users/anthony/Library/Application Support/MiKTeX/texmfs/install/tex/generic/
oberdiek/etexcmds.sty"
Package: etexcmds 2016/05/16 v1.6 Avoid name clashes with e-TeX commands (HO)

("/Users/anthony/Library/Application Support/MiKTeX/texmfs/install/tex/generic/
oberdiek/ifluatex.sty"
Package: ifluatex 2016/05/16 v1.4 Provides the ifluatex switch (HO)
Package ifluatex Info: LuaTeX not detected.
)
Package etexcmds Info: Could not find \expanded.
(etexcmds)             That can mean that you are not using pdfTeX 1.50 or
(etexcmds)             that some package has redefined \expanded.
(etexcmds)             In the latter case, load this package earlier.
)))
("/Users/anthony/Library/Application Support/MiKTeX/texmfs/install/tex/generic/
oberdiek/pdftexcmds.sty"
Package: pdftexcmds 2018/09/10 v0.29 Utility functions of pdfTeX for LuaTeX (HO
)

("/Users/anthony/Library/Application Support/MiKTeX/texmfs/install/tex/generic/
oberdiek/ifpdf.sty"
Package: ifpdf 2018/09/07 v3.3 Provides the ifpdf switch
)
Package pdftexcmds Info: LuaTeX not detected.
Package pdftexcmds Info: \pdf@primitive is available.
Package pdftexcmds Info: \pdf@ifprimitive is available.
Package pdftexcmds Info: \pdfdraftmode found.
)
Package epstopdf-base Info: Redefining graphics rule for `.eps' on input line 4
38.
Package grfext Info: Graphics extension search list:
(grfext)             [.pdf,.png,.jpg,.mps,.jpeg,.jbig2,.jb2,.PDF,.PNG,.JPG,.JPE
G,.JBIG2,.JB2,.eps]
(grfext)             \AppendGraphicsExtensions on input line 456.
)
LaTeX Font Info:    Try loading font information for U+msa on input line 40.

("/Users/anthony/Library/Application Support/MiKTeX/texmfs/install/tex/latex/am
sfonts/umsa.fd"
File: umsa.fd 2013/01/14 v3.01 AMS symbols A
)
LaTeX Font Info:    Try loading font information for U+msb on input line 40.

("/Users/anthony/Library/Application Support/MiKTeX/texmfs/install/tex/latex/am
sfonts/umsb.fd"
File: umsb.fd 2013/01/14 v3.01 AMS symbols B
)
Underfull \hbox (badness 2134) in paragraph at lines 46--55
[]\OT1/cmr/m/n/10 Two-particle correlations in high-energy collisions
 []


Underfull \hbox (badness 1009) in paragraph at lines 46--55
\OT1/cmr/m/n/10 of particle production and reveal possible collective
 []


Underfull \hbox (badness 1803) in paragraph at lines 46--55
\OT1/cmr/m/n/10 hadron beam direction. Of particular interest in
 []


Underfull \hbox (badness 1043) in paragraph at lines 46--55
\OT1/cmr/m/n/10 in high-energy AA collisions have shown significant
 []

[1{/Users/anthony/Library/Application Support/MiKTeX/texmfs/data/pdftex/config/
pdftex.map}]
<plots/beam/beamAxisAnalysis.png, id=21, 569.0058pt x 556.479pt>
File: plots/beam/beamAxisAnalysis.png Graphic file (type png)
<use plots/beam/beamAxisAnalysis.png>
Package pdftex.def Info: plots/beam/beamAxisAnalysis.png  used on input line 88
.
(pdftex.def)             Requested size: 147.89658pt x 144.63867pt.
<plots/beam/beamAxisAnalysisProjection.png, id=23, 571.85071pt x 556.36429pt>
File: plots/beam/beamAxisAnalysisProjection.png Graphic file (type png)
<use plots/beam/beamAxisAnalysisProjection.png>
Package pdftex.def Info: plots/beam/beamAxisAnalysisProjection.png  used on inp
ut line 89.
(pdftex.def)             Requested size: 147.89658pt x 143.88725pt.
<plots/thrust/thrustAxisAnalysis.png, id=24, 395.5578pt x 386.8854pt>
File: plots/thrust/thrustAxisAnalysis.png Graphic file (type png)
<use plots/thrust/thrustAxisAnalysis.png>
Package pdftex.def Info: plots/thrust/thrustAxisAnalysis.png  used on input lin
e 97.
(pdftex.def)             Requested size: 147.89658pt x 144.65662pt.
<plots/thrust/thrustAxisAnalysisProjection.png, id=25, 351.2322pt x 341.5962pt>

File: plots/thrust/thrustAxisAnalysisProjection.png Graphic file (type png)
<use plots/thrust/thrustAxisAnalysisProjection.png>
Package pdftex.def Info: plots/thrust/thrustAxisAnalysisProjection.png  used on
 input line 98.
(pdftex.def)             Requested size: 147.89658pt x 143.8395pt.
<plots/thrustBarrel/thrustAxisBarrelAnalysis.png, id=26, 396.0396pt x 386.8854p
t>
File: plots/thrustBarrel/thrustAxisBarrelAnalysis.png Graphic file (type png)
<use plots/thrustBarrel/thrustAxisBarrelAnalysis.png>
Package pdftex.def Info: plots/thrustBarrel/thrustAxisBarrelAnalysis.png  used 
on input line 106.
(pdftex.def)             Requested size: 147.89658pt x 144.47952pt.
<plots/thrustBarrel/thrustAxisBarrelAnalysisProjection.png, id=27, 351.2322pt x
 341.5962pt>
File: plots/thrustBarrel/thrustAxisBarrelAnalysisProjection.png Graphic file (t
ype png)
<use plots/thrustBarrel/thrustAxisBarrelAnalysisProjection.png>
Package pdftex.def Info: plots/thrustBarrel/thrustAxisBarrelAnalysisProjection.
png  used on input line 107.
(pdftex.def)             Requested size: 147.89658pt x 143.8395pt.

Underfull \hbox (badness 1072) in paragraph at lines 108--108
[]\OT1/cmr/m/n/9 FIG. 3: (Left panel) Two-particle correlation functions
 []


Underfull \hbox (badness 1024) in paragraph at lines 108--108
\OMS/cmsy/m/n/9 j\OT1/cmr/m/n/9 \OML/cmm/m/it/9 \OMS/cmsy/m/n/9 j \OML/cmm/m/
it/9 < \OT1/cmr/m/n/9 3\OML/cmm/m/it/9 :\OT1/cmr/m/n/9 0$. The error bars corre
spond to statistical
 []

[2 <./plots/beam/beamAxisAnalysis.png> <./plots/beam/beamAxisAnalysisProjection
.png>]

LaTeX Warning: A float is stuck (cannot be placed); try class option [floatfix]
 on input line 131.

(ridgepaperALEPH.bbl
Underfull \hbox (badness 10000) in paragraph at lines 128--135
 []\OT1/cmr/m/n/9 F. Gelis, E. Iancu, J. Jalilian-Marian, and
 []


Underfull \hbox (badness 3039) in paragraph at lines 128--135
 \OT1/cmr/m/n/9 R. Venugopalan, Ann. Rev. Nucl. Part. Sci. \OT1/cmr/bx/n/9 60\O
T1/cmr/m/n/9 ,
 []

[3 <./plots/thrust/thrustAxisAnalysis.png> <./plots/thrust/thrustAxisAnalysisPr
ojection.png> <./plots/thrustBarrel/thrustAxisBarrelAnalysis.png> <./plots/thru
stBarrel/thrustAxisBarrelAnalysisProjection.png>]
Underfull \hbox (badness 1122) in paragraph at lines 156--160
 []\OT1/cmr/m/n/9 D. Decamp et al. (ALEPH), Nucl. Instrum. Meth.
 []


Underfull \hbox (badness 10000) in paragraph at lines 156--160
 \OT1/cmr/bx/n/9 A294\OT1/cmr/m/n/9 , 121 (1990), [Erratum: Nucl. Instrum.
 []


Underfull \hbox (badness 5741) in paragraph at lines 191--203
 []\OT1/cmr/m/n/9 N. N. Ajitanand, J. M. Alexander, P. Chung,
 []

) [4] (ridgepaperALEPH.aux) ) 
Here is how much of TeX's memory you used:
 3585 strings out of 494892
 51185 string characters out of 3176881
 119820 words of memory out of 3000000
 7141 multiletter control sequences out of 15000+200000
 18670 words of font info for 69 fonts, out of 3000000 for 9000
 0 hyphenation exceptions out of 8191
 41i,5n,27p,1579b,302s stack positions out of 5000i,500n,10000p,200000b,50000s
</Users/anthony/Library/Application Support/MiKTeX
/texmfs/install/fonts/type1/public/amsfonts/cm/cmbx12.pfb></Users/anthony/Libra
ry/Application Support/MiKTeX/texmfs/install/fonts/type1/public/amsfonts/cm/cmb
x9.pfb></Users/anthony/Library/Application Support/MiKTeX/texmfs/install/fonts/
type1/public/amsfonts/cm/cmmi10.pfb></Users/anthony/Library/Application Support
/MiKTeX/texmfs/install/fonts/type1/public/amsfonts/cm/cmmi12.pfb></Users/anthon
y/Library/Application Support/MiKTeX/texmfs/install/fonts/type1/public/amsfonts
/cm/cmmi5.pfb></Users/anthony/Library/Application Support/MiKTeX/texmfs/install
/fonts/type1/public/amsfonts/cm/cmmi7.pfb></Users/anthony/Library/Application S
upport/MiKTeX/texmfs/install/fonts/type1/public/amsfonts/cm/cmmi9.pfb></Users/a
nthony/Library/Application Support/MiKTeX/texmfs/install/fonts/type1/public/ams
fonts/cm/cmr10.pfb></Users/anthony/Library/Application Support/MiKTeX/texmfs/in
stall/fonts/type1/public/amsfonts/cm/cmr5.pfb></Users/anthony/Library/Applicati
on Support/MiKTeX/texmfs/install/fonts/type1/public/amsfonts/cm/cmr6.pfb></User
s/anthony/Library/Application Support/MiKTeX/texmfs/install/fonts/type1/public/
amsfonts/cm/cmr7.pfb></Users/anthony/Library/Application Support/MiKTeX/texmfs/
install/fonts/type1/public/amsfonts/cm/cmr8.pfb></Users/anthony/Library/Applica
tion Support/MiKTeX/texmfs/install/fonts/type1/public/amsfonts/cm/cmr9.pfb></Us
ers/anthony/Library/Application Support/MiKTeX/texmfs/install/fonts/type1/publi
c/amsfonts/cm/cmsy10.pfb></Users/anthony/Library/Application Support/MiKTeX/tex
mfs/install/fonts/type1/public/amsfonts/cm/cmsy6.pfb></Users/anthony/Library/Ap
plication Support/MiKTeX/texmfs/install/fonts/type1/public/amsfonts/cm/cmsy7.pf
b></Users/anthony/Library/Application Support/MiKTeX/texmfs/install/fonts/type1
/public/amsfonts/cm/cmsy8.pfb></Users/anthony/Library/Application Support/MiKTe
X/texmfs/install/fonts/type1/public/amsfonts/cm/cmsy9.pfb></Users/anthony/Libra
ry/Application Support/MiKTeX/texmfs/install/fonts/type1/public/amsfonts/cm/cmt
i7.pfb></Users/anthony/Library/Application Support/MiKTeX/texmfs/install/fonts/
type1/public/amsfonts/cm/cmti9.pfb>
Output written on ridgepaperALEPH.pdf (4 pages, 1344964 bytes).
PDF statistics:
 108 PDF objects out of 1000 (max. 8388607)
 0 named destinations out of 1000 (max. 500000)
 31 words of extra memory for PDF output out of 10000 (max. 10000000)

